<?xml version="1.0" encoding="UTF-8"?>
<!-- Generated by org.testng.reporters.JUnitReportReporter -->
<testsuite hostname="Asus_KJP" failures="0" tests="1" name="Organization.CreateOrganizationTest" time="29.024" errors="0" timestamp="2024-10-22T23:47:00 PDT" skipped="0">
  <testcase classname="Organization.CreateOrganizationTest" name="createOrganizationTest" time="29.024"/>
</testsuite> <!-- Organization.CreateOrganizationTest -->
